<?xml version="1.0" encoding="UTF-8"?>
<!-- Generated by org.testng.reporters.JUnitXMLReporter -->
<testsuite ignored="0" hostname="DESKTOP-RJBBDI9" failures="1" tests="1" name="ChromeBrowser" time="12.469" errors="0" timestamp="2023-09-26T07:16:51 IST">
  <testcase classname="testCases.ClientTestCases" name="verifyTextOfSearch" time="0.611">
    <failure type="java.lang.NoClassDefFoundError" message="utilities/GeneralUtility">
      <![CDATA[java.lang.NoClassDefFoundError: utilities/GeneralUtility
at elementRepositry.HomePage.<init>(HomePage.java:11)
at testCases.ClientTestCases.verifyTextOfSearch(ClientTestCases.java:28)
at java.base/java.util.ArrayList.forEach(ArrayList.java:1511)
Caused by: java.lang.ClassNotFoundException: utilities.GeneralUtility
at java.base/jdk.internal.loader.BuiltinClassLoader.loadClass(BuiltinClassLoader.java:641)
at java.base/jdk.internal.loader.ClassLoaders$AppClassLoader.loadClass(ClassLoaders.java:188)
at java.base/java.lang.ClassLoader.loadClass(ClassLoader.java:520)
... 30 more
... Removed 27 stack frames]]>
    </failure>
  </testcase> <!-- verifyTextOfSearch -->
</testsuite> <!-- ChromeBrowser -->
